2026-03-03T06:11:09Z tick=1 launched=[] wrote_msg=True active_python=14
2026-03-03T06:11:28Z tick=2 launched=['stable_motif_scan_cube26_long', 's2880_clue_report_refresh', 's2880_clue_hypotheses_refresh'] wrote_msg=True active_python=15
2026-03-03T06:16:30Z tick=3 launched=['stable_motif_scan_cube26_long', 's2880_clue_report_refresh', 's2880_clue_hypotheses_refresh'] wrote_msg=True active_python=15
2026-03-03T06:21:32Z tick=4 launched=['stable_motif_scan_cube26_long', 's2880_clue_report_refresh', 's2880_clue_hypotheses_refresh'] wrote_msg=True active_python=15
2026-03-03T06:26:33Z tick=5 launched=['stable_motif_scan_cube26_long', 's2880_clue_report_refresh', 's2880_clue_hypotheses_refresh'] wrote_msg=True active_python=15
2026-03-03T06:31:35Z tick=6 launched=['stable_motif_scan_cube26_long', 's2880_clue_report_refresh', 's2880_clue_hypotheses_refresh'] wrote_msg=True active_python=15
2026-03-03T06:36:37Z tick=7 launched=['generation_equivalence_full', 'stable_motif_scan_cube26_long', 's2880_clue_report_refresh', 's2880_clue_hypotheses_refresh'] wrote_msg=True active_python=15
2026-03-03T06:41:39Z tick=8 launched=['stable_motif_scan_cube26_long', 's2880_clue_report_refresh', 's2880_clue_hypotheses_refresh'] wrote_msg=True active_python=15
2026-03-03T06:46:41Z tick=9 launched=['stable_motif_scan_cube26_long', 's2880_clue_report_refresh', 's2880_clue_hypotheses_refresh'] wrote_msg=True active_python=15
2026-03-03T06:51:42Z tick=10 launched=['stable_motif_scan_cube26_long', 's2880_clue_report_refresh', 's2880_clue_hypotheses_refresh'] wrote_msg=True active_python=15
2026-03-03T06:56:44Z tick=11 launched=['stable_motif_scan_cube26_long', 's2880_clue_report_refresh', 's2880_clue_hypotheses_refresh'] wrote_msg=True active_python=15
2026-03-03T07:01:46Z tick=12 launched=['stable_motif_scan_cube26_long', 's2880_clue_report_refresh', 's2880_clue_hypotheses_refresh'] wrote_msg=True active_python=15
2026-03-03T07:06:48Z tick=13 launched=['stable_motif_scan_cube26_long', 's2880_clue_report_refresh', 's2880_clue_hypotheses_refresh'] wrote_msg=True active_python=15
2026-03-03T07:11:50Z tick=14 launched=['generation_equivalence_full', 'stable_motif_scan_cube26_long', 's2880_clue_report_refresh', 's2880_clue_hypotheses_refresh'] wrote_msg=True active_python=15
2026-03-03T07:16:51Z tick=15 launched=['stable_motif_scan_cube26_long', 's2880_clue_report_refresh', 's2880_clue_hypotheses_refresh'] wrote_msg=True active_python=15
2026-03-03T07:21:54Z tick=16 launched=['kernel_phase_boundary_ext', 'stable_motif_scan_cube26_long', 's2880_clue_report_refresh', 's2880_clue_hypotheses_refresh'] wrote_msg=True active_python=15
2026-03-03T07:26:55Z tick=17 launched=['stable_motif_scan_cube26_long', 's2880_clue_report_refresh', 's2880_clue_hypotheses_refresh'] wrote_msg=True active_python=15
2026-03-03T07:31:57Z tick=18 launched=['stable_motif_scan_cube26_long', 's2880_clue_report_refresh', 's2880_clue_hypotheses_refresh'] wrote_msg=True active_python=15
2026-03-03T07:37:00Z tick=19 launched=['generation_equivalence_full', 'stable_motif_scan_cube26_long', 's2880_clue_report_refresh', 's2880_clue_hypotheses_refresh'] wrote_msg=True active_python=15
2026-03-03T07:42:02Z tick=20 launched=['stable_motif_scan_cube26_long', 's2880_clue_report_refresh', 's2880_clue_hypotheses_refresh'] wrote_msg=True active_python=15
2026-03-03T07:47:04Z tick=21 launched=['stable_motif_scan_cube26_long', 's2880_clue_report_refresh', 's2880_clue_hypotheses_refresh'] wrote_msg=True active_python=15
2026-03-03T07:52:05Z tick=22 launched=['stable_motif_scan_cube26_long', 's2880_clue_report_refresh', 's2880_clue_hypotheses_refresh'] wrote_msg=True active_python=15
2026-03-03T07:57:07Z tick=23 launched=['stable_motif_scan_cube26_long', 's2880_clue_report_refresh', 's2880_clue_hypotheses_refresh'] wrote_msg=True active_python=15
2026-03-03T08:02:09Z tick=24 launched=['stable_motif_scan_cube26_long', 's2880_clue_report_refresh', 's2880_clue_hypotheses_refresh'] wrote_msg=True active_python=15
2026-03-03T08:07:12Z tick=25 launched=['generation_equivalence_full', 'stable_motif_scan_cube26_long', 's2880_clue_report_refresh', 's2880_clue_hypotheses_refresh'] wrote_msg=True active_python=15
2026-03-03T08:12:13Z tick=26 launched=['stable_motif_scan_cube26_long', 's2880_clue_report_refresh', 's2880_clue_hypotheses_refresh'] wrote_msg=True active_python=14
2026-03-03T08:17:15Z tick=27 launched=['stable_motif_scan_cube26_long', 's2880_clue_report_refresh', 's2880_clue_hypotheses_refresh'] wrote_msg=True active_python=14
2026-03-03T08:22:17Z tick=28 launched=['stable_motif_scan_cube26_long', 's2880_clue_report_refresh', 's2880_clue_hypotheses_refresh'] wrote_msg=True active_python=14
2026-03-03T08:27:20Z tick=29 launched=['kernel_phase_boundary_ext', 'stable_motif_scan_cube26_long', 's2880_clue_report_refresh', 's2880_clue_hypotheses_refresh'] wrote_msg=True active_python=14
2026-03-03T08:32:22Z tick=30 launched=['stable_motif_scan_cube26_long', 's2880_clue_report_refresh', 's2880_clue_hypotheses_refresh'] wrote_msg=True active_python=14
2026-03-03T08:37:24Z tick=31 launched=['generation_equivalence_full', 'stable_motif_scan_cube26_long', 's2880_clue_report_refresh', 's2880_clue_hypotheses_refresh'] wrote_msg=True active_python=14
2026-03-03T08:42:26Z tick=32 launched=['stable_motif_scan_cube26_long', 's2880_clue_report_refresh', 's2880_clue_hypotheses_refresh'] wrote_msg=True active_python=16
2026-03-03T08:47:28Z tick=33 launched=['stable_motif_scan_cube26_long', 's2880_clue_report_refresh', 's2880_clue_hypotheses_refresh'] wrote_msg=True active_python=14
2026-03-03T08:52:30Z tick=34 launched=['stable_motif_scan_cube26_long', 's2880_clue_report_refresh', 's2880_clue_hypotheses_refresh'] wrote_msg=True active_python=14
2026-03-03T08:57:32Z tick=35 launched=['stable_motif_scan_cube26_long', 's2880_clue_report_refresh', 's2880_clue_hypotheses_refresh'] wrote_msg=True active_python=14
2026-03-03T09:02:33Z tick=36 launched=['stable_motif_scan_cube26_long', 's2880_clue_report_refresh', 's2880_clue_hypotheses_refresh'] wrote_msg=True active_python=14
2026-03-03T09:07:36Z tick=37 launched=['generation_equivalence_full', 'stable_motif_scan_cube26_long', 's2880_clue_report_refresh', 's2880_clue_hypotheses_refresh'] wrote_msg=True active_python=14
2026-03-03T09:12:38Z tick=38 launched=['stable_motif_scan_cube26_long', 's2880_clue_report_refresh', 's2880_clue_hypotheses_refresh'] wrote_msg=True active_python=14
2026-03-03T09:17:39Z tick=39 launched=['stable_motif_scan_cube26_long', 's2880_clue_report_refresh', 's2880_clue_hypotheses_refresh'] wrote_msg=True active_python=14
2026-03-03T09:22:41Z tick=40 launched=['stable_motif_scan_cube26_long', 's2880_clue_report_refresh', 's2880_clue_hypotheses_refresh'] wrote_msg=True active_python=14
2026-03-03T09:27:44Z tick=41 launched=['stable_motif_scan_cube26_long', 's2880_clue_report_refresh', 's2880_clue_hypotheses_refresh'] wrote_msg=True active_python=14
2026-03-03T09:32:46Z tick=42 launched=['kernel_phase_boundary_ext', 'stable_motif_scan_cube26_long', 's2880_clue_report_refresh', 's2880_clue_hypotheses_refresh'] wrote_msg=True active_python=14
2026-03-03T09:37:48Z tick=43 launched=['generation_equivalence_full', 'stable_motif_scan_cube26_long', 's2880_clue_report_refresh', 's2880_clue_hypotheses_refresh'] wrote_msg=True active_python=14
2026-03-03T09:42:50Z tick=44 launched=['stable_motif_scan_cube26_long', 's2880_clue_report_refresh', 's2880_clue_hypotheses_refresh'] wrote_msg=True active_python=14
2026-03-03T09:47:52Z tick=45 launched=['stable_motif_scan_cube26_long', 's2880_clue_report_refresh', 's2880_clue_hypotheses_refresh'] wrote_msg=True active_python=14
2026-03-03T09:52:55Z tick=46 launched=['stable_motif_scan_cube26_long', 's2880_clue_report_refresh', 's2880_clue_hypotheses_refresh'] wrote_msg=True active_python=14
2026-03-03T09:57:57Z tick=47 launched=['stable_motif_scan_cube26_long', 's2880_clue_report_refresh', 's2880_clue_hypotheses_refresh'] wrote_msg=True active_python=14
2026-03-03T10:02:59Z tick=48 launched=['generation_equivalence_full', 'stable_motif_scan_cube26_long', 's2880_clue_report_refresh', 's2880_clue_hypotheses_refresh'] wrote_msg=True active_python=14
2026-03-03T10:08:01Z tick=49 launched=['stable_motif_scan_cube26_long', 's2880_clue_report_refresh', 's2880_clue_hypotheses_refresh'] wrote_msg=True active_python=14
2026-03-03T10:13:03Z tick=50 launched=['stable_motif_scan_cube26_long', 's2880_clue_report_refresh', 's2880_clue_hypotheses_refresh'] wrote_msg=True active_python=14
2026-03-03T10:18:05Z tick=51 launched=['kernel_gate_stack_seed_sweep_ext', 'stable_motif_scan_cube26_long', 's2880_clue_report_refresh', 's2880_clue_hypotheses_refresh'] wrote_msg=True active_python=14
