element_count=2880
seed_prior_rows=504
Wrote C:\Projects\CausalGraphTheory\cog_v3\sources\v3_s2880_particle_clue_report_v1.json
Wrote C:\Projects\CausalGraphTheory\cog_v3\sources\v3_s2880_particle_clue_report_v1.md
Wrote C:\Projects\CausalGraphTheory\cog_v3\sources\v3_s2880_seed_priors_v1.csv
element_count=2880
seed_prior_rows=504
Wrote C:\Projects\CausalGraphTheory\cog_v3\sources\v3_s2880_particle_clue_report_v1.json
Wrote C:\Projects\CausalGraphTheory\cog_v3\sources\v3_s2880_particle_clue_report_v1.md
Wrote C:\Projects\CausalGraphTheory\cog_v3\sources\v3_s2880_seed_priors_v1.csv
element_count=2880
seed_prior_rows=504
Wrote C:\Projects\CausalGraphTheory\cog_v3\sources\v3_s2880_particle_clue_report_v1.json
Wrote C:\Projects\CausalGraphTheory\cog_v3\sources\v3_s2880_particle_clue_report_v1.md
Wrote C:\Projects\CausalGraphTheory\cog_v3\sources\v3_s2880_seed_priors_v1.csv
element_count=2880
seed_prior_rows=504
Wrote C:\Projects\CausalGraphTheory\cog_v3\sources\v3_s2880_particle_clue_report_v1.json
Wrote C:\Projects\CausalGraphTheory\cog_v3\sources\v3_s2880_particle_clue_report_v1.md
Wrote C:\Projects\CausalGraphTheory\cog_v3\sources\v3_s2880_seed_priors_v1.csv
element_count=2880
seed_prior_rows=504
Wrote C:\Projects\CausalGraphTheory\cog_v3\sources\v3_s2880_particle_clue_report_v1.json
Wrote C:\Projects\CausalGraphTheory\cog_v3\sources\v3_s2880_particle_clue_report_v1.md
Wrote C:\Projects\CausalGraphTheory\cog_v3\sources\v3_s2880_seed_priors_v1.csv
element_count=2880
seed_prior_rows=504
Wrote C:\Projects\CausalGraphTheory\cog_v3\sources\v3_s2880_particle_clue_report_v1.json
Wrote C:\Projects\CausalGraphTheory\cog_v3\sources\v3_s2880_particle_clue_report_v1.md
Wrote C:\Projects\CausalGraphTheory\cog_v3\sources\v3_s2880_seed_priors_v1.csv
element_count=2880
seed_prior_rows=504
Wrote C:\Projects\CausalGraphTheory\cog_v3\sources\v3_s2880_particle_clue_report_v1.json
Wrote C:\Projects\CausalGraphTheory\cog_v3\sources\v3_s2880_particle_clue_report_v1.md
Wrote C:\Projects\CausalGraphTheory\cog_v3\sources\v3_s2880_seed_priors_v1.csv
element_count=2880
seed_prior_rows=504
Wrote C:\Projects\CausalGraphTheory\cog_v3\sources\v3_s2880_particle_clue_report_v1.json
Wrote C:\Projects\CausalGraphTheory\cog_v3\sources\v3_s2880_particle_clue_report_v1.md
Wrote C:\Projects\CausalGraphTheory\cog_v3\sources\v3_s2880_seed_priors_v1.csv
element_count=2880
seed_prior_rows=504
Wrote C:\Projects\CausalGraphTheory\cog_v3\sources\v3_s2880_particle_clue_report_v1.json
Wrote C:\Projects\CausalGraphTheory\cog_v3\sources\v3_s2880_particle_clue_report_v1.md
Wrote C:\Projects\CausalGraphTheory\cog_v3\sources\v3_s2880_seed_priors_v1.csv
element_count=2880
seed_prior_rows=504
Wrote C:\Projects\CausalGraphTheory\cog_v3\sources\v3_s2880_particle_clue_report_v1.json
Wrote C:\Projects\CausalGraphTheory\cog_v3\sources\v3_s2880_particle_clue_report_v1.md
Wrote C:\Projects\CausalGraphTheory\cog_v3\sources\v3_s2880_seed_priors_v1.csv
element_count=2880
seed_prior_rows=504
Wrote C:\Projects\CausalGraphTheory\cog_v3\sources\v3_s2880_particle_clue_report_v1.json
Wrote C:\Projects\CausalGraphTheory\cog_v3\sources\v3_s2880_particle_clue_report_v1.md
Wrote C:\Projects\CausalGraphTheory\cog_v3\sources\v3_s2880_seed_priors_v1.csv
element_count=2880
seed_prior_rows=504
Wrote C:\Projects\CausalGraphTheory\cog_v3\sources\v3_s2880_particle_clue_report_v1.json
Wrote C:\Projects\CausalGraphTheory\cog_v3\sources\v3_s2880_particle_clue_report_v1.md
Wrote C:\Projects\CausalGraphTheory\cog_v3\sources\v3_s2880_seed_priors_v1.csv
element_count=2880
seed_prior_rows=504
Wrote C:\Projects\CausalGraphTheory\cog_v3\sources\v3_s2880_particle_clue_report_v1.json
Wrote C:\Projects\CausalGraphTheory\cog_v3\sources\v3_s2880_particle_clue_report_v1.md
Wrote C:\Projects\CausalGraphTheory\cog_v3\sources\v3_s2880_seed_priors_v1.csv
